<?xml version="1.0" encoding="UTF-8"?>
<testsuite name="com.kraft.book.web.HelloControllerTest" tests="2" skipped="0" failures="0" errors="0" timestamp="2025-08-09T10:58:02" hostname="JSBAE" time="0.099">
  <properties/>
  <testcase name="hello가_리턴된다()" classname="com.kraft.book.web.HelloControllerTest" time="0.049"/>
  <testcase name="helloDto가_리턴된다()" classname="com.kraft.book.web.HelloControllerTest" time="0.049"/>
  <system-out><![CDATA[2025-08-09T19:58:02.298+09:00  INFO 18972 --- [    Test worker] t.c.s.AnnotationConfigContextLoaderUtils : Could not detect default configuration classes for test class [com.kraft.book.web.HelloControllerTest]: HelloControllerTest does not declare any static, non-private, non-final, nested classes annotated with @Configuration.
2025-08-09T19:58:02.305+09:00  INFO 18972 --- [    Test worker] .b.t.c.SpringBootTestContextBootstrapper : Found @SpringBootConfiguration com.kraft.book.Application for test class com.kraft.book.web.HelloControllerTest

  .   ____          _            __ _ _
 /\\ / ___'_ __ _ _(_)_ __  __ _ \ \ \ \
( ( )\___ | '_ | '_| | '_ \/ _` | \ \ \ \
 \\/  ___)| |_)| | | | | || (_| |  ) ) ) )
  '  |____| .__|_| |_|_| |_\__, | / / / /
 =========|_|==============|___/=/_/_/_/

 :: Spring Boot ::                (v3.3.2)

2025-08-09T19:58:02.318+09:00  INFO 18972 --- [    Test worker] com.kraft.book.web.HelloControllerTest   : Starting HelloControllerTest using Java 21.0.2 with PID 18972 (started by portu in D:\workspace\spring\kraft)
2025-08-09T19:58:02.318+09:00  INFO 18972 --- [    Test worker] com.kraft.book.web.HelloControllerTest   : The following 1 profile is active: "oauth"
2025-08-09T19:58:02.408+09:00  INFO 18972 --- [    Test worker] .s.d.r.c.RepositoryConfigurationDelegate : Bootstrapping Spring Data JPA repositories in DEFAULT mode.
2025-08-09T19:58:02.418+09:00  INFO 18972 --- [    Test worker] .s.d.r.c.RepositoryConfigurationDelegate : Finished Spring Data repository scanning in 9 ms. Found 2 JPA repository interfaces.
2025-08-09T19:58:02.459+09:00  INFO 18972 --- [    Test worker] com.zaxxer.hikari.HikariDataSource       : HikariPool-2 - Starting...
2025-08-09T19:58:02.467+09:00  INFO 18972 --- [    Test worker] com.zaxxer.hikari.pool.HikariPool        : HikariPool-2 - Added connection com.mysql.cj.jdbc.ConnectionImpl@3fe5c9f1
2025-08-09T19:58:02.467+09:00  INFO 18972 --- [    Test worker] com.zaxxer.hikari.HikariDataSource       : HikariPool-2 - Start completed.
2025-08-09T19:58:02.480+09:00  INFO 18972 --- [    Test worker] o.hibernate.jpa.internal.util.LogHelper  : HHH000204: Processing PersistenceUnitInfo [name: default]
2025-08-09T19:58:02.482+09:00  INFO 18972 --- [    Test worker] o.h.c.internal.RegionFactoryInitiator    : HHH000026: Second-level cache disabled
2025-08-09T19:58:02.486+09:00  INFO 18972 --- [    Test worker] o.s.o.j.p.SpringPersistenceUnitInfo      : No LoadTimeWeaver setup: ignoring JPA class transformer
2025-08-09T19:58:02.487+09:00  WARN 18972 --- [    Test worker] org.hibernate.orm.deprecation            : HHH90000025: MySQL8Dialect does not need to be specified explicitly using 'hibernate.dialect' (remove the property setting and it will be selected by default)
2025-08-09T19:58:02.487+09:00  WARN 18972 --- [    Test worker] org.hibernate.orm.deprecation            : HHH90000026: MySQL8Dialect has been deprecated; use org.hibernate.dialect.MySQLDialect instead
2025-08-09T19:58:02.515+09:00  INFO 18972 --- [    Test worker] o.h.e.t.j.p.i.JtaPlatformInitiator       : HHH000489: No JTA platform available (set 'hibernate.transaction.jta.platform' to enable JTA platform integration)
Hibernate: 
    alter table posts 
       modify column content text not null
2025-08-09T19:58:02.532+09:00  INFO 18972 --- [    Test worker] j.LocalContainerEntityManagerFactoryBean : Initialized JPA EntityManagerFactory for persistence unit 'default'
2025-08-09T19:58:02.561+09:00  WARN 18972 --- [    Test worker] JpaBaseConfiguration$JpaWebConfiguration : spring.jpa.open-in-view is enabled by default. Therefore, database queries may be performed during view rendering. Explicitly configure spring.jpa.open-in-view to disable this warning
2025-08-09T19:58:02.566+09:00  INFO 18972 --- [    Test worker] o.s.b.a.w.s.WelcomePageHandlerMapping    : Adding welcome page template: index
2025-08-09T19:58:02.642+09:00  INFO 18972 --- [    Test worker] o.s.b.t.m.w.SpringBootMockServletContext : Initializing Spring TestDispatcherServlet ''
2025-08-09T19:58:02.642+09:00  INFO 18972 --- [    Test worker] o.s.t.web.servlet.TestDispatcherServlet  : Initializing Servlet ''
2025-08-09T19:58:02.643+09:00  INFO 18972 --- [    Test worker] o.s.t.web.servlet.TestDispatcherServlet  : Completed initialization in 1 ms
2025-08-09T19:58:02.646+09:00  INFO 18972 --- [    Test worker] com.kraft.book.web.HelloControllerTest   : Started HelloControllerTest in 0.339 seconds (process running for 4.604)
]]></system-out>
  <system-err><![CDATA[]]></system-err>
</testsuite>
