<?xml version="1.0" encoding="UTF-8"?>
<testsuite name="com.kraft.book.web.IndexControllerTest" tests="1" skipped="0" failures="0" errors="0" timestamp="2025-08-09T10:58:03" hostname="JSBAE" time="0.243">
  <properties/>
  <testcase name="메인페이지_로딩()" classname="com.kraft.book.web.IndexControllerTest" time="0.243"/>
  <system-out><![CDATA[2025-08-09T19:58:02.750+09:00  INFO 18972 --- [    Test worker] t.c.s.AnnotationConfigContextLoaderUtils : Could not detect default configuration classes for test class [com.kraft.book.web.IndexControllerTest]: IndexControllerTest does not declare any static, non-private, non-final, nested classes annotated with @Configuration.
2025-08-09T19:58:02.751+09:00  INFO 18972 --- [    Test worker] .b.t.c.SpringBootTestContextBootstrapper : Found @SpringBootConfiguration com.kraft.book.Application for test class com.kraft.book.web.IndexControllerTest

  .   ____          _            __ _ _
 /\\ / ___'_ __ _ _(_)_ __  __ _ \ \ \ \
( ( )\___ | '_ | '_| | '_ \/ _` | \ \ \ \
 \\/  ___)| |_)| | | | | || (_| |  ) ) ) )
  '  |____| .__|_| |_|_| |_\__, | / / / /
 =========|_|==============|___/=/_/_/_/

 :: Spring Boot ::                (v3.3.2)

2025-08-09T19:58:02.779+09:00  INFO 18972 --- [    Test worker] com.kraft.book.web.IndexControllerTest   : Starting IndexControllerTest using Java 21.0.2 with PID 18972 (started by portu in D:\workspace\spring\kraft)
2025-08-09T19:58:02.779+09:00  INFO 18972 --- [    Test worker] com.kraft.book.web.IndexControllerTest   : The following 1 profile is active: "oauth"
2025-08-09T19:58:02.860+09:00  INFO 18972 --- [    Test worker] .s.d.r.c.RepositoryConfigurationDelegate : Bootstrapping Spring Data JPA repositories in DEFAULT mode.
2025-08-09T19:58:02.864+09:00  INFO 18972 --- [    Test worker] .s.d.r.c.RepositoryConfigurationDelegate : Finished Spring Data repository scanning in 4 ms. Found 2 JPA repository interfaces.
2025-08-09T19:58:02.965+09:00  INFO 18972 --- [    Test worker] o.s.b.w.embedded.tomcat.TomcatWebServer  : Tomcat initialized with port 0 (http)
2025-08-09T19:58:02.972+09:00  INFO 18972 --- [    Test worker] o.apache.catalina.core.StandardService   : Starting service [Tomcat]
2025-08-09T19:58:02.972+09:00  INFO 18972 --- [    Test worker] o.apache.catalina.core.StandardEngine    : Starting Servlet engine: [Apache Tomcat/10.1.26]
2025-08-09T19:58:03.009+09:00  INFO 18972 --- [    Test worker] o.a.c.c.C.[Tomcat].[localhost].[/]       : Initializing Spring embedded WebApplicationContext
2025-08-09T19:58:03.009+09:00  INFO 18972 --- [    Test worker] w.s.c.ServletWebServerApplicationContext : Root WebApplicationContext: initialization completed in 228 ms
2025-08-09T19:58:03.037+09:00  INFO 18972 --- [    Test worker] com.zaxxer.hikari.HikariDataSource       : HikariPool-3 - Starting...
2025-08-09T19:58:03.044+09:00  INFO 18972 --- [    Test worker] com.zaxxer.hikari.pool.HikariPool        : HikariPool-3 - Added connection com.mysql.cj.jdbc.ConnectionImpl@68212585
2025-08-09T19:58:03.044+09:00  INFO 18972 --- [    Test worker] com.zaxxer.hikari.HikariDataSource       : HikariPool-3 - Start completed.
2025-08-09T19:58:03.056+09:00  INFO 18972 --- [    Test worker] o.hibernate.jpa.internal.util.LogHelper  : HHH000204: Processing PersistenceUnitInfo [name: default]
2025-08-09T19:58:03.058+09:00  INFO 18972 --- [    Test worker] o.h.c.internal.RegionFactoryInitiator    : HHH000026: Second-level cache disabled
2025-08-09T19:58:03.062+09:00  INFO 18972 --- [    Test worker] o.s.o.j.p.SpringPersistenceUnitInfo      : No LoadTimeWeaver setup: ignoring JPA class transformer
2025-08-09T19:58:03.063+09:00  WARN 18972 --- [    Test worker] org.hibernate.orm.deprecation            : HHH90000025: MySQL8Dialect does not need to be specified explicitly using 'hibernate.dialect' (remove the property setting and it will be selected by default)
2025-08-09T19:58:03.063+09:00  WARN 18972 --- [    Test worker] org.hibernate.orm.deprecation            : HHH90000026: MySQL8Dialect has been deprecated; use org.hibernate.dialect.MySQLDialect instead
2025-08-09T19:58:03.090+09:00  INFO 18972 --- [    Test worker] o.h.e.t.j.p.i.JtaPlatformInitiator       : HHH000489: No JTA platform available (set 'hibernate.transaction.jta.platform' to enable JTA platform integration)
Hibernate: 
    alter table posts 
       modify column content text not null
2025-08-09T19:58:03.106+09:00  INFO 18972 --- [    Test worker] j.LocalContainerEntityManagerFactoryBean : Initialized JPA EntityManagerFactory for persistence unit 'default'
2025-08-09T19:58:03.150+09:00  WARN 18972 --- [    Test worker] JpaBaseConfiguration$JpaWebConfiguration : spring.jpa.open-in-view is enabled by default. Therefore, database queries may be performed during view rendering. Explicitly configure spring.jpa.open-in-view to disable this warning
2025-08-09T19:58:03.156+09:00  INFO 18972 --- [    Test worker] o.s.b.a.w.s.WelcomePageHandlerMapping    : Adding welcome page template: index
2025-08-09T19:58:03.202+09:00  INFO 18972 --- [    Test worker] o.a.c.c.C.[Tomcat].[localhost].[/]       : Initializing Spring TestDispatcherServlet ''
2025-08-09T19:58:03.203+09:00  INFO 18972 --- [    Test worker] o.s.t.web.servlet.TestDispatcherServlet  : Initializing Servlet ''
2025-08-09T19:58:03.203+09:00  INFO 18972 --- [    Test worker] o.s.t.web.servlet.TestDispatcherServlet  : Completed initialization in 0 ms
2025-08-09T19:58:03.223+09:00  INFO 18972 --- [    Test worker] o.s.b.w.embedded.tomcat.TomcatWebServer  : Tomcat started on port 49197 (http) with context path '/'
2025-08-09T19:58:03.225+09:00  INFO 18972 --- [    Test worker] com.kraft.book.web.IndexControllerTest   : Started IndexControllerTest in 0.47 seconds (process running for 5.182)
2025-08-09T19:58:03.273+09:00  INFO 18972 --- [o-auto-1-exec-1] o.a.c.c.C.[Tomcat].[localhost].[/]       : Initializing Spring DispatcherServlet 'dispatcherServlet'
2025-08-09T19:58:03.274+09:00  INFO 18972 --- [o-auto-1-exec-1] o.s.web.servlet.DispatcherServlet        : Initializing Servlet 'dispatcherServlet'
2025-08-09T19:58:03.274+09:00  INFO 18972 --- [o-auto-1-exec-1] o.s.web.servlet.DispatcherServlet        : Completed initialization in 0 ms
Hibernate: 
    select
        p1_0.id,
        p1_0.author,
        p1_0.content,
        p1_0.created_date,
        p1_0.modified_date,
        p1_0.title 
    from
        posts p1_0 
    order by
        p1_0.id desc
]]></system-out>
  <system-err><![CDATA[]]></system-err>
</testsuite>
