{"D:\\workspace\\spring\\Kraft\\web\\src\\components\\lotto-balls.tsx": {"path":"D:\\workspace\\spring\\Kraft\\web\\src\\components\\lotto-balls.tsx","statementMap":{"0":{"start":{"line":9,"column":2},"end":{"line":22,"column":null}},"1":{"start":{"line":12,"column":8},"end":{"line":14,"column":null}}},"fnMap":{"0":{"name":"LottoBalls","decl":{"start":{"line":8,"column":16},"end":{"line":8,"column":27}},"loc":{"start":{"line":8,"column":60},"end":{"line":24,"column":null}},"line":8},"1":{"name":"(anonymous_1)","decl":{"start":{"line":11,"column":15},"end":{"line":11,"column":20}},"loc":{"start":{"line":12,"column":8},"end":{"line":14,"column":null}},"line":12}},"branchMap":{"0":{"loc":{"start":{"line":16,"column":7},"end":{"line":21,"column":null}},"type":"cond-expr","locations":[{"start":{"line":17,"column":8},"end":{"line":21,"column":null}},{"start":{"line":21,"column":10},"end":{"line":21,"column":null}}],"line":16}},"s":{"0":5,"1":30},"f":{"0":5,"1":30},"b":{"0":[0,5]},"meta":{"lastBranch":1,"lastFunction":2,"lastStatement":2,"seen":{"f:8:16:8:27":0,"s:9:2:22:Infinity":0,"f:11:15:11:20":1,"s:12:8:14:Infinity":1,"b:17:8:21:Infinity:21:10:21:Infinity":0},"fnNames":{}}}
,"D:\\workspace\\spring\\Kraft\\web\\src\\components\\recommend-client.tsx": {"path":"D:\\workspace\\spring\\Kraft\\web\\src\\components\\recommend-client.tsx","statementMap":{"0":{"start":{"line":1,"column":0},"end":{"line":1,"column":null}},"1":{"start":{"line":12,"column":16},"end":{"line":12,"column":null}},"2":{"start":{"line":13,"column":19},"end":{"line":13,"column":null}},"3":{"start":{"line":14,"column":24},"end":{"line":14,"column":null}},"4":{"start":{"line":15,"column":26},"end":{"line":15,"column":null}},"5":{"start":{"line":16,"column":18},"end":{"line":16,"column":null}},"6":{"start":{"line":17,"column":22},"end":{"line":17,"column":null}},"7":{"start":{"line":18,"column":23},"end":{"line":18,"column":null}},"8":{"start":{"line":19,"column":20},"end":{"line":19,"column":null}},"9":{"start":{"line":20,"column":8},"end":{"line":20,"column":null}},"10":{"start":{"line":28,"column":16},"end":{"line":28,"column":null}},"11":{"start":{"line":29,"column":4},"end":{"line":29,"column":null}},"12":{"start":{"line":30,"column":4},"end":{"line":30,"column":null}},"13":{"start":{"line":31,"column":4},"end":{"line":31,"column":null}},"14":{"start":{"line":33,"column":4},"end":{"line":59,"column":null}},"15":{"start":{"line":34,"column":22},"end":{"line":45,"column":null}},"16":{"start":{"line":46,"column":6},"end":{"line":46,"column":null}},"17":{"start":{"line":46,"column":39},"end":{"line":46,"column":null}},"18":{"start":{"line":47,"column":6},"end":{"line":47,"column":null}},"19":{"start":{"line":49,"column":6},"end":{"line":49,"column":null}},"20":{"start":{"line":49,"column":39},"end":{"line":49,"column":null}},"21":{"start":{"line":50,"column":6},"end":{"line":54,"column":null}},"22":{"start":{"line":51,"column":8},"end":{"line":51,"column":null}},"23":{"start":{"line":53,"column":8},"end":{"line":53,"column":null}},"24":{"start":{"line":56,"column":6},"end":{"line":58,"column":null}},"25":{"start":{"line":57,"column":8},"end":{"line":57,"column":null}},"26":{"start":{"line":62,"column":2},"end":{"line":68,"column":null}},"27":{"start":{"line":63,"column":18},"end":{"line":65,"column":null}},"28":{"start":{"line":64,"column":6},"end":{"line":64,"column":null}},"29":{"start":{"line":67,"column":4},"end":{"line":67,"column":null}},"30":{"start":{"line":67,"column":17},"end":{"line":67,"column":null}},"31":{"start":{"line":71,"column":4},"end":{"line":71,"column":null}},"32":{"start":{"line":72,"column":36},"end":{"line":72,"column":null}},"33":{"start":{"line":73,"column":27},"end":{"line":73,"column":null}},"34":{"start":{"line":74,"column":4},"end":{"line":74,"column":null}},"35":{"start":{"line":78,"column":4},"end":{"line":78,"column":null}},"36":{"start":{"line":79,"column":4},"end":{"line":79,"column":null}},"37":{"start":{"line":81,"column":4},"end":{"line":104,"column":null}},"38":{"start":{"line":82,"column":22},"end":{"line":93,"column":null}},"39":{"start":{"line":94,"column":6},"end":{"line":94,"column":null}},"40":{"start":{"line":94,"column":36},"end":{"line":94,"column":64}},"41":{"start":{"line":95,"column":6},"end":{"line":95,"column":null}},"42":{"start":{"line":97,"column":6},"end":{"line":101,"column":null}},"43":{"start":{"line":103,"column":6},"end":{"line":103,"column":null}},"44":{"start":{"line":107,"column":2},"end":{"line":177,"column":null}},"45":{"start":{"line":117,"column":33},"end":{"line":117,"column":null}},"46":{"start":{"line":124,"column":33},"end":{"line":124,"column":null}},"47":{"start":{"line":132,"column":33},"end":{"line":132,"column":null}},"48":{"start":{"line":158,"column":12},"end":{"line":173,"column":null}},"49":{"start":{"line":166,"column":33},"end":{"line":166,"column":null}}},"fnMap":{"0":{"name":"RecommendClient","decl":{"start":{"line":11,"column":16},"end":{"line":11,"column":34}},"loc":{"start":{"line":11,"column":34},"end":{"line":179,"column":null}},"line":11},"1":{"name":"fetchRecommendations","decl":{"start":{"line":22,"column":17},"end":{"line":22,"column":null}},"loc":{"start":{"line":27,"column":4},"end":{"line":60,"column":null}},"line":27},"2":{"name":"(anonymous_2)","decl":{"start":{"line":62,"column":2},"end":{"line":62,"column":18}},"loc":{"start":{"line":62,"column":18},"end":{"line":68,"column":5}},"line":62},"3":{"name":"(anonymous_3)","decl":{"start":{"line":63,"column":25},"end":{"line":63,"column":42}},"loc":{"start":{"line":63,"column":42},"end":{"line":65,"column":7}},"line":63},"4":{"name":"(anonymous_4)","decl":{"start":{"line":67,"column":4},"end":{"line":67,"column":17}},"loc":{"start":{"line":67,"column":17},"end":{"line":67,"column":null}},"line":67},"5":{"name":"handleRecommend","decl":{"start":{"line":70,"column":17},"end":{"line":70,"column":33}},"loc":{"start":{"line":70,"column":74},"end":{"line":75,"column":null}},"line":70},"6":{"name":"handleSave","decl":{"start":{"line":77,"column":17},"end":{"line":77,"column":28}},"loc":{"start":{"line":77,"column":62},"end":{"line":105,"column":null}},"line":77},"7":{"name":"(anonymous_7)","decl":{"start":{"line":94,"column":6},"end":{"line":94,"column":23}},"loc":{"start":{"line":94,"column":36},"end":{"line":94,"column":64}},"line":94},"8":{"name":"(anonymous_8)","decl":{"start":{"line":117,"column":12},"end":{"line":117,"column":23}},"loc":{"start":{"line":117,"column":33},"end":{"line":117,"column":null}},"line":117},"9":{"name":"(anonymous_9)","decl":{"start":{"line":124,"column":12},"end":{"line":124,"column":23}},"loc":{"start":{"line":124,"column":33},"end":{"line":124,"column":null}},"line":124},"10":{"name":"(anonymous_10)","decl":{"start":{"line":132,"column":12},"end":{"line":132,"column":23}},"loc":{"start":{"line":132,"column":33},"end":{"line":132,"column":null}},"line":132},"11":{"name":"(anonymous_11)","decl":{"start":{"line":157,"column":27},"end":{"line":157,"column":32}},"loc":{"start":{"line":158,"column":12},"end":{"line":173,"column":null}},"line":158},"12":{"name":"(anonymous_12)","decl":{"start":{"line":166,"column":18},"end":{"line":166,"column":33}},"loc":{"start":{"line":166,"column":33},"end":{"line":166,"column":null}},"line":166}},"branchMap":{"0":{"loc":{"start":{"line":26,"column":4},"end":{"line":26,"column":null}},"type":"default-arg","locations":[{"start":{"line":26,"column":21},"end":{"line":26,"column":null}}],"line":26},"1":{"loc":{"start":{"line":46,"column":6},"end":{"line":46,"column":null}},"type":"if","locations":[{"start":{"line":46,"column":6},"end":{"line":46,"column":null}},{"start":{},"end":{}}],"line":46},"2":{"loc":{"start":{"line":49,"column":6},"end":{"line":49,"column":null}},"type":"if","locations":[{"start":{"line":49,"column":6},"end":{"line":49,"column":null}},{"start":{},"end":{}}],"line":49},"3":{"loc":{"start":{"line":50,"column":6},"end":{"line":54,"column":null}},"type":"if","locations":[{"start":{"line":50,"column":6},"end":{"line":54,"column":null}},{"start":{"line":52,"column":13},"end":{"line":54,"column":null}}],"line":50},"4":{"loc":{"start":{"line":51,"column":19},"end":{"line":51,"column":50}},"type":"binary-expr","locations":[{"start":{"line":51,"column":19},"end":{"line":51,"column":34}},{"start":{"line":51,"column":34},"end":{"line":51,"column":50}}],"line":51},"5":{"loc":{"start":{"line":56,"column":6},"end":{"line":58,"column":null}},"type":"if","locations":[{"start":{"line":56,"column":6},"end":{"line":58,"column":null}},{"start":{},"end":{}}],"line":56},"6":{"loc":{"start":{"line":73,"column":27},"end":{"line":73,"column":null}},"type":"cond-expr","locations":[{"start":{"line":73,"column":48},"end":{"line":73,"column":83}},{"start":{"line":73,"column":83},"end":{"line":73,"column":null}}],"line":73},"7":{"loc":{"start":{"line":95,"column":17},"end":{"line":95,"column":62}},"type":"cond-expr","locations":[{"start":{"line":95,"column":35},"end":{"line":95,"column":47}},{"start":{"line":95,"column":47},"end":{"line":95,"column":62}}],"line":95},"8":{"loc":{"start":{"line":98,"column":8},"end":{"line":100,"column":null}},"type":"cond-expr","locations":[{"start":{"line":99,"column":12},"end":{"line":99,"column":null}},{"start":{"line":100,"column":12},"end":{"line":100,"column":null}}],"line":98},"9":{"loc":{"start":{"line":98,"column":8},"end":{"line":98,"column":null}},"type":"binary-expr","locations":[{"start":{"line":98,"column":8},"end":{"line":98,"column":42}},{"start":{"line":98,"column":42},"end":{"line":98,"column":null}}],"line":98},"10":{"loc":{"start":{"line":140,"column":11},"end":{"line":140,"column":null}},"type":"cond-expr","locations":[{"start":{"line":140,"column":23},"end":{"line":140,"column":35}},{"start":{"line":140,"column":35},"end":{"line":140,"column":null}}],"line":140},"11":{"loc":{"start":{"line":149,"column":7},"end":{"line":153,"column":null}},"type":"cond-expr","locations":[{"start":{"line":150,"column":8},"end":{"line":153,"column":null}},{"start":{"line":153,"column":10},"end":{"line":153,"column":null}}],"line":149},"12":{"loc":{"start":{"line":155,"column":7},"end":{"line":175,"column":null}},"type":"binary-expr","locations":[{"start":{"line":155,"column":7},"end":{"line":155,"column":null}},{"start":{"line":156,"column":8},"end":{"line":175,"column":null}}],"line":155},"13":{"loc":{"start":{"line":167,"column":28},"end":{"line":167,"column":null}},"type":"binary-expr","locations":[{"start":{"line":167,"column":28},"end":{"line":167,"column":53}},{"start":{"line":167,"column":53},"end":{"line":167,"column":null}}],"line":167},"14":{"loc":{"start":{"line":168,"column":50},"end":{"line":168,"column":null}},"type":"cond-expr","locations":[{"start":{"line":168,"column":76},"end":{"line":168,"column":87}},{"start":{"line":168,"column":87},"end":{"line":168,"column":null}}],"line":168},"15":{"loc":{"start":{"line":170,"column":19},"end":{"line":170,"column":null}},"type":"cond-expr","locations":[{"start":{"line":170,"column":45},"end":{"line":170,"column":53}},{"start":{"line":170,"column":53},"end":{"line":170,"column":null}}],"line":170},"16":{"loc":{"start":{"line":170,"column":53},"end":{"line":170,"column":null}},"type":"cond-expr","locations":[{"start":{"line":170,"column":77},"end":{"line":170,"column":89}},{"start":{"line":170,"column":89},"end":{"line":170,"column":null}}],"line":170}},"s":{"0":1,"1":25,"2":25,"3":25,"4":25,"5":25,"6":25,"7":25,"8":25,"9":25,"10":11,"11":11,"12":11,"13":11,"14":11,"15":11,"16":9,"17":0,"18":9,"19":2,"20":0,"21":2,"22":2,"23":0,"24":11,"25":11,"26":25,"27":6,"28":6,"29":6,"30":6,"31":5,"32":5,"33":5,"34":5,"35":1,"36":1,"37":1,"38":1,"39":1,"40":1,"41":1,"42":0,"43":1,"44":25,"45":0,"46":1,"47":0,"48":5,"49":1},"f":{"0":25,"1":11,"2":6,"3":6,"4":6,"5":5,"6":1,"7":1,"8":0,"9":1,"10":0,"11":5,"12":1},"b":{"0":[11],"1":[0,9],"2":[0,2],"3":[2,0],"4":[2,1],"5":[11,0],"6":[1,4],"7":[1,0],"8":[0,0],"9":[0,0],"10":[5,20],"11":[5,20],"12":[25,5],"13":[5,4],"14":[1,4],"15":[1,4],"16":[1,3]},"meta":{"lastBranch":17,"lastFunction":13,"lastStatement":50,"seen":{"s:1:0:1:Infinity":0,"f:11:16:11:34":0,"s:12:16:12:Infinity":1,"s:13:19:13:Infinity":2,"s:14:24:14:Infinity":3,"s:15:26:15:Infinity":4,"s:16:18:16:Infinity":5,"s:17:22:17:Infinity":6,"s:18:23:18:Infinity":7,"s:19:20:19:Infinity":8,"s:20:8:20:Infinity":9,"f:22:17:22:Infinity":1,"b:26:21:26:Infinity":0,"s:28:16:28:Infinity":10,"s:29:4:29:Infinity":11,"s:30:4:30:Infinity":12,"s:31:4:31:Infinity":13,"s:33:4:59:Infinity":14,"s:34:22:45:Infinity":15,"b:46:6:46:Infinity:undefined:undefined:undefined:undefined":1,"s:46:6:46:Infinity":16,"s:46:39:46:Infinity":17,"s:47:6:47:Infinity":18,"b:49:6:49:Infinity:undefined:undefined:undefined:undefined":2,"s:49:6:49:Infinity":19,"s:49:39:49:Infinity":20,"b:50:6:54:Infinity:52:13:54:Infinity":3,"s:50:6:54:Infinity":21,"s:51:8:51:Infinity":22,"b:51:19:51:34:51:34:51:50":4,"s:53:8:53:Infinity":23,"b:56:6:58:Infinity:undefined:undefined:undefined:undefined":5,"s:56:6:58:Infinity":24,"s:57:8:57:Infinity":25,"s:62:2:68:Infinity":26,"f:62:2:62:18":2,"s:63:18:65:Infinity":27,"f:63:25:63:42":3,"s:64:6:64:Infinity":28,"s:67:4:67:Infinity":29,"f:67:4:67:17":4,"s:67:17:67:Infinity":30,"f:70:17:70:33":5,"s:71:4:71:Infinity":31,"s:72:36:72:Infinity":32,"s:73:27:73:Infinity":33,"b:73:48:73:83:73:83:73:Infinity":6,"s:74:4:74:Infinity":34,"f:77:17:77:28":6,"s:78:4:78:Infinity":35,"s:79:4:79:Infinity":36,"s:81:4:104:Infinity":37,"s:82:22:93:Infinity":38,"s:94:6:94:Infinity":39,"f:94:6:94:23":7,"s:94:36:94:64":40,"s:95:6:95:Infinity":41,"b:95:35:95:47:95:47:95:62":7,"s:97:6:101:Infinity":42,"b:99:12:99:Infinity:100:12:100:Infinity":8,"b:98:8:98:42:98:42:98:Infinity":9,"s:103:6:103:Infinity":43,"s:107:2:177:Infinity":44,"f:117:12:117:23":8,"s:117:33:117:Infinity":45,"f:124:12:124:23":9,"s:124:33:124:Infinity":46,"f:132:12:132:23":10,"s:132:33:132:Infinity":47,"b:140:23:140:35:140:35:140:Infinity":10,"b:150:8:153:Infinity:153:10:153:Infinity":11,"b:155:7:155:Infinity:156:8:175:Infinity":12,"f:157:27:157:32":11,"s:158:12:173:Infinity":48,"f:166:18:166:33":12,"s:166:33:166:Infinity":49,"b:167:28:167:53:167:53:167:Infinity":13,"b:168:76:168:87:168:87:168:Infinity":14,"b:170:45:170:53:170:53:170:Infinity":15,"b:170:77:170:89:170:89:170:Infinity":16},"fnNames":{}}}
,"D:\\workspace\\spring\\Kraft\\web\\src\\lib\\backend-proxy.ts": {"path":"D:\\workspace\\spring\\Kraft\\web\\src\\lib\\backend-proxy.ts","statementMap":{"0":{"start":{"line":5,"column":2},"end":{"line":5,"column":null}},"1":{"start":{"line":7,"column":27},"end":{"line":16,"column":null}},"2":{"start":{"line":19,"column":18},"end":{"line":19,"column":null}},"3":{"start":{"line":20,"column":2},"end":{"line":25,"column":null}},"4":{"start":{"line":21,"column":24},"end":{"line":21,"column":null}},"5":{"start":{"line":22,"column":4},"end":{"line":24,"column":null}},"6":{"start":{"line":23,"column":6},"end":{"line":23,"column":null}},"7":{"start":{"line":26,"column":2},"end":{"line":26,"column":null}},"8":{"start":{"line":33,"column":21},"end":{"line":33,"column":null}},"9":{"start":{"line":34,"column":16},"end":{"line":34,"column":null}},"10":{"start":{"line":34,"column":33},"end":{"line":34,"column":53}},"11":{"start":{"line":35,"column":2},"end":{"line":53,"column":null}},"12":{"start":{"line":36,"column":16},"end":{"line":40,"column":null}},"13":{"start":{"line":41,"column":17},"end":{"line":41,"column":null}},"14":{"start":{"line":42,"column":4},"end":{"line":45,"column":null}},"15":{"start":{"line":47,"column":4},"end":{"line":50,"column":null}},"16":{"start":{"line":52,"column":4},"end":{"line":52,"column":null}}},"fnMap":{"0":{"name":"copyHeaders","decl":{"start":{"line":18,"column":9},"end":{"line":18,"column":21}},"loc":{"start":{"line":18,"column":47},"end":{"line":27,"column":null}},"line":18},"1":{"name":"proxyBackend","decl":{"start":{"line":29,"column":22},"end":{"line":29,"column":null}},"loc":{"start":{"line":32,"column":21},"end":{"line":54,"column":null}},"line":32},"2":{"name":"(anonymous_2)","decl":{"start":{"line":34,"column":16},"end":{"line":34,"column":33}},"loc":{"start":{"line":34,"column":33},"end":{"line":34,"column":53}},"line":34}},"branchMap":{"0":{"loc":{"start":{"line":5,"column":2},"end":{"line":5,"column":null}},"type":"binary-expr","locations":[{"start":{"line":5,"column":2},"end":{"line":5,"column":44}},{"start":{"line":5,"column":44},"end":{"line":5,"column":null}}],"line":5},"1":{"loc":{"start":{"line":22,"column":4},"end":{"line":24,"column":null}},"type":"if","locations":[{"start":{"line":22,"column":4},"end":{"line":24,"column":null}},{"start":{},"end":{}}],"line":22},"2":{"loc":{"start":{"line":41,"column":17},"end":{"line":41,"column":null}},"type":"cond-expr","locations":[{"start":{"line":41,"column":38},"end":{"line":41,"column":45}},{"start":{"line":41,"column":45},"end":{"line":41,"column":null}}],"line":41}},"s":{"0":2,"1":2,"2":1,"3":1,"4":8,"5":8,"6":6,"7":1,"8":2,"9":2,"10":0,"11":2,"12":2,"13":1,"14":1,"15":1,"16":2},"f":{"0":1,"1":2,"2":0},"b":{"0":[2,2],"1":[6,2],"2":[0,1]},"meta":{"lastBranch":3,"lastFunction":3,"lastStatement":17,"seen":{"s:5:2:5:Infinity":0,"b:5:2:5:44:5:44:5:Infinity":0,"s:7:27:16:Infinity":1,"f:18:9:18:21":0,"s:19:18:19:Infinity":2,"s:20:2:25:Infinity":3,"s:21:24:21:Infinity":4,"b:22:4:24:Infinity:undefined:undefined:undefined:undefined":1,"s:22:4:24:Infinity":5,"s:23:6:23:Infinity":6,"s:26:2:26:Infinity":7,"f:29:22:29:Infinity":1,"s:33:21:33:Infinity":8,"s:34:16:34:Infinity":9,"f:34:16:34:33":2,"s:34:33:34:53":10,"s:35:2:53:Infinity":11,"s:36:16:40:Infinity":12,"s:41:17:41:Infinity":13,"b:41:38:41:45:41:45:41:Infinity":2,"s:42:4:45:Infinity":14,"s:47:4:50:Infinity":15,"s:52:4:52:Infinity":16},"fnNames":{}}}
,"D:\\workspace\\spring\\Kraft\\web\\src\\lib\\ball-color.ts": {"path":"D:\\workspace\\spring\\Kraft\\web\\src\\lib\\ball-color.ts","statementMap":{"0":{"start":{"line":1,"column":26},"end":{"line":7,"column":null}},"1":{"start":{"line":10,"column":2},"end":{"line":10,"column":null}},"2":{"start":{"line":10,"column":33},"end":{"line":10,"column":43}}},"fnMap":{"0":{"name":"ballColorClass","decl":{"start":{"line":9,"column":16},"end":{"line":9,"column":31}},"loc":{"start":{"line":9,"column":50},"end":{"line":11,"column":null}},"line":9},"1":{"name":"(anonymous_1)","decl":{"start":{"line":10,"column":21},"end":{"line":10,"column":27}},"loc":{"start":{"line":10,"column":33},"end":{"line":10,"column":43}},"line":10}},"branchMap":{"0":{"loc":{"start":{"line":10,"column":10},"end":{"line":10,"column":63}},"type":"binary-expr","locations":[{"start":{"line":10,"column":10},"end":{"line":10,"column":48}},{"start":{"line":10,"column":48},"end":{"line":10,"column":63}}],"line":10}},"s":{"0":2,"1":40,"2":107},"f":{"0":40,"1":107},"b":{"0":[40,0]},"meta":{"lastBranch":1,"lastFunction":2,"lastStatement":3,"seen":{"s:1:26:7:Infinity":0,"f:9:16:9:31":0,"s:10:2:10:Infinity":1,"b:10:10:10:48:10:48:10:63":0,"f:10:21:10:27":1,"s:10:33:10:43":2},"fnNames":{}}}
,"D:\\workspace\\spring\\Kraft\\web\\src\\lib\\browser-api.ts": {"path":"D:\\workspace\\spring\\Kraft\\web\\src\\lib\\browser-api.ts","statementMap":{"0":{"start":{"line":6,"column":4},"end":{"line":6,"column":null}},"1":{"start":{"line":3,"column":20},"end":{"line":3,"column":null}},"2":{"start":{"line":7,"column":4},"end":{"line":7,"column":null}},"3":{"start":{"line":15,"column":14},"end":{"line":18,"column":null}},"4":{"start":{"line":20,"column":2},"end":{"line":24,"column":null}},"5":{"start":{"line":21,"column":4},"end":{"line":21,"column":null}},"6":{"start":{"line":23,"column":4},"end":{"line":23,"column":null}},"7":{"start":{"line":25,"column":2},"end":{"line":31,"column":null}},"8":{"start":{"line":26,"column":31},"end":{"line":26,"column":null}},"9":{"start":{"line":30,"column":4},"end":{"line":30,"column":null}},"10":{"start":{"line":32,"column":2},"end":{"line":32,"column":null}}},"fnMap":{"0":{"name":"constructor","decl":{"start":{"line":2,"column":2},"end":{"line":2,"column":null}},"loc":{"start":{"line":5,"column":4},"end":{"line":8,"column":null}},"line":5},"1":{"name":"browserFetch","decl":{"start":{"line":11,"column":22},"end":{"line":11,"column":null}},"loc":{"start":{"line":14,"column":14},"end":{"line":33,"column":null}},"line":14}},"branchMap":{"0":{"loc":{"start":{"line":25,"column":2},"end":{"line":31,"column":null}},"type":"if","locations":[{"start":{"line":25,"column":2},"end":{"line":31,"column":null}},{"start":{},"end":{}}],"line":25},"1":{"loc":{"start":{"line":26,"column":31},"end":{"line":26,"column":null}},"type":"binary-expr","locations":[{"start":{"line":26,"column":31},"end":{"line":26,"column":39}},{"start":{"line":26,"column":39},"end":{"line":26,"column":null}}],"line":26},"2":{"loc":{"start":{"line":30,"column":30},"end":{"line":30,"column":49}},"type":"binary-expr","locations":[{"start":{"line":30,"column":30},"end":{"line":30,"column":38}},{"start":{"line":30,"column":38},"end":{"line":30,"column":49}}],"line":30},"3":{"loc":{"start":{"line":30,"column":49},"end":{"line":30,"column":80}},"type":"binary-expr","locations":[{"start":{"line":30,"column":49},"end":{"line":30,"column":60}},{"start":{"line":30,"column":60},"end":{"line":30,"column":78}},{"start":{"line":30,"column":78},"end":{"line":30,"column":80}}],"line":30}},"s":{"0":2,"1":2,"2":2,"3":12,"4":12,"5":12,"6":0,"7":12,"8":2,"9":2,"10":10},"f":{"0":2,"1":12},"b":{"0":[2,10],"1":[2,0],"2":[2,2],"3":[2,1,1]},"meta":{"lastBranch":4,"lastFunction":2,"lastStatement":11,"seen":{"f:2:2:2:Infinity":0,"s:6:4:6:Infinity":0,"s:3:20:3:Infinity":1,"s:7:4:7:Infinity":2,"f:11:22:11:Infinity":1,"s:15:14:18:Infinity":3,"s:20:2:24:Infinity":4,"s:21:4:21:Infinity":5,"s:23:4:23:Infinity":6,"b:25:2:31:Infinity:undefined:undefined:undefined:undefined":0,"s:25:2:31:Infinity":7,"s:26:31:26:Infinity":8,"b:26:31:26:39:26:39:26:Infinity":1,"s:30:4:30:Infinity":9,"b:30:30:30:38:30:38:30:49":2,"b:30:49:30:60:30:60:30:78:30:78:30:80":3,"s:32:2:32:Infinity":10},"fnNames":{}}}
,"D:\\workspace\\spring\\Kraft\\web\\src\\lib\\device-token.ts": {"path":"D:\\workspace\\spring\\Kraft\\web\\src\\lib\\device-token.ts","statementMap":{"0":{"start":{"line":1,"column":20},"end":{"line":1,"column":null}},"1":{"start":{"line":4,"column":16},"end":{"line":4,"column":null}},"2":{"start":{"line":5,"column":2},"end":{"line":5,"column":null}},"3":{"start":{"line":6,"column":2},"end":{"line":6,"column":null}},"4":{"start":{"line":6,"column":34},"end":{"line":6,"column":65}},"5":{"start":{"line":10,"column":2},"end":{"line":10,"column":null}},"6":{"start":{"line":10,"column":37},"end":{"line":10,"column":null}},"7":{"start":{"line":11,"column":19},"end":{"line":11,"column":null}},"8":{"start":{"line":12,"column":2},"end":{"line":12,"column":null}},"9":{"start":{"line":12,"column":16},"end":{"line":12,"column":null}},"10":{"start":{"line":14,"column":4},"end":{"line":16,"column":null}},"11":{"start":{"line":17,"column":2},"end":{"line":17,"column":null}},"12":{"start":{"line":18,"column":2},"end":{"line":18,"column":null}}},"fnMap":{"0":{"name":"createRandomToken","decl":{"start":{"line":3,"column":9},"end":{"line":3,"column":37}},"loc":{"start":{"line":3,"column":37},"end":{"line":7,"column":null}},"line":3},"1":{"name":"(anonymous_1)","decl":{"start":{"line":6,"column":20},"end":{"line":6,"column":28}},"loc":{"start":{"line":6,"column":34},"end":{"line":6,"column":65}},"line":6},"2":{"name":"getDeviceToken","decl":{"start":{"line":9,"column":16},"end":{"line":9,"column":41}},"loc":{"start":{"line":9,"column":41},"end":{"line":19,"column":null}},"line":9}},"branchMap":{"0":{"loc":{"start":{"line":10,"column":2},"end":{"line":10,"column":null}},"type":"if","locations":[{"start":{"line":10,"column":2},"end":{"line":10,"column":null}},{"start":{},"end":{}}],"line":10},"1":{"loc":{"start":{"line":12,"column":2},"end":{"line":12,"column":null}},"type":"if","locations":[{"start":{"line":12,"column":2},"end":{"line":12,"column":null}},{"start":{},"end":{}}],"line":12},"2":{"loc":{"start":{"line":14,"column":4},"end":{"line":16,"column":null}},"type":"cond-expr","locations":[{"start":{"line":15,"column":8},"end":{"line":15,"column":null}},{"start":{"line":16,"column":8},"end":{"line":16,"column":null}}],"line":14}},"s":{"0":5,"1":1,"2":1,"3":1,"4":32,"5":6,"6":1,"7":5,"8":5,"9":2,"10":3,"11":6,"12":6},"f":{"0":1,"1":32,"2":6},"b":{"0":[1,5],"1":[2,3],"2":[2,1]},"meta":{"lastBranch":3,"lastFunction":3,"lastStatement":13,"seen":{"s:1:20:1:Infinity":0,"f:3:9:3:37":0,"s:4:16:4:Infinity":1,"s:5:2:5:Infinity":2,"s:6:2:6:Infinity":3,"f:6:20:6:28":1,"s:6:34:6:65":4,"f:9:16:9:41":2,"b:10:2:10:Infinity:undefined:undefined:undefined:undefined":0,"s:10:2:10:Infinity":5,"s:10:37:10:Infinity":6,"s:11:19:11:Infinity":7,"b:12:2:12:Infinity:undefined:undefined:undefined:undefined":1,"s:12:2:12:Infinity":8,"s:12:16:12:Infinity":9,"s:14:4:16:Infinity":10,"b:15:8:15:Infinity:16:8:16:Infinity":2,"s:17:2:17:Infinity":11,"s:18:2:18:Infinity":12},"fnNames":{}}}
,"D:\\workspace\\spring\\Kraft\\web\\src\\lib\\format.ts": {"path":"D:\\workspace\\spring\\Kraft\\web\\src\\lib\\format.ts","statementMap":{"0":{"start":{"line":1,"column":22},"end":{"line":7,"column":null}},"1":{"start":{"line":9,"column":26},"end":{"line":19,"column":null}},"2":{"start":{"line":21,"column":24},"end":{"line":21,"column":null}},"3":{"start":{"line":24,"column":2},"end":{"line":24,"column":null}},"4":{"start":{"line":28,"column":2},"end":{"line":28,"column":null}},"5":{"start":{"line":32,"column":2},"end":{"line":32,"column":null}},"6":{"start":{"line":36,"column":2},"end":{"line":36,"column":null}}},"fnMap":{"0":{"name":"formatDrawDate","decl":{"start":{"line":23,"column":16},"end":{"line":23,"column":31}},"loc":{"start":{"line":23,"column":54},"end":{"line":25,"column":null}},"line":23},"1":{"name":"formatDateTime","decl":{"start":{"line":27,"column":16},"end":{"line":27,"column":31}},"loc":{"start":{"line":27,"column":54},"end":{"line":29,"column":null}},"line":27},"2":{"name":"formatCurrency","decl":{"start":{"line":31,"column":16},"end":{"line":31,"column":31}},"loc":{"start":{"line":31,"column":54},"end":{"line":33,"column":null}},"line":31},"3":{"name":"formatPlainNumber","decl":{"start":{"line":35,"column":16},"end":{"line":35,"column":34}},"loc":{"start":{"line":35,"column":57},"end":{"line":37,"column":null}},"line":35}},"branchMap":{},"s":{"0":1,"1":1,"2":1,"3":2,"4":0,"5":3,"6":1},"f":{"0":2,"1":0,"2":3,"3":1},"b":{},"meta":{"lastBranch":0,"lastFunction":4,"lastStatement":7,"seen":{"s:1:22:7:Infinity":0,"s:9:26:19:Infinity":1,"s:21:24:21:Infinity":2,"f:23:16:23:31":0,"s:24:2:24:Infinity":3,"f:27:16:27:31":1,"s:28:2:28:Infinity":4,"f:31:16:31:31":2,"s:32:2:32:Infinity":5,"f:35:16:35:34":3,"s:36:2:36:Infinity":6},"fnNames":{}}}
,"D:\\workspace\\spring\\Kraft\\web\\src\\lib\\lotto-validation.ts": {"path":"D:\\workspace\\spring\\Kraft\\web\\src\\lib\\lotto-validation.ts","statementMap":{"0":{"start":{"line":14,"column":2},"end":{"line":16,"column":null}},"1":{"start":{"line":15,"column":4},"end":{"line":15,"column":null}},"2":{"start":{"line":18,"column":28},"end":{"line":18,"column":null}},"3":{"start":{"line":19,"column":2},"end":{"line":28,"column":null}},"4":{"start":{"line":20,"column":14},"end":{"line":20,"column":null}},"5":{"start":{"line":21,"column":4},"end":{"line":23,"column":null}},"6":{"start":{"line":22,"column":6},"end":{"line":22,"column":null}},"7":{"start":{"line":24,"column":4},"end":{"line":26,"column":null}},"8":{"start":{"line":25,"column":6},"end":{"line":25,"column":null}},"9":{"start":{"line":27,"column":4},"end":{"line":27,"column":null}},"10":{"start":{"line":30,"column":17},"end":{"line":30,"column":null}},"11":{"start":{"line":31,"column":2},"end":{"line":33,"column":null}},"12":{"start":{"line":32,"column":4},"end":{"line":32,"column":null}},"13":{"start":{"line":35,"column":2},"end":{"line":35,"column":null}},"14":{"start":{"line":44,"column":26},"end":{"line":44,"column":null}},"15":{"start":{"line":45,"column":28},"end":{"line":45,"column":null}},"16":{"start":{"line":46,"column":2},"end":{"line":55,"column":null}},"17":{"start":{"line":47,"column":20},"end":{"line":47,"column":null}},"18":{"start":{"line":48,"column":4},"end":{"line":48,"column":null}},"19":{"start":{"line":48,"column":18},"end":{"line":48,"column":null}},"20":{"start":{"line":49,"column":14},"end":{"line":49,"column":null}},"21":{"start":{"line":50,"column":4},"end":{"line":54,"column":null}},"22":{"start":{"line":51,"column":6},"end":{"line":51,"column":null}},"23":{"start":{"line":53,"column":6},"end":{"line":53,"column":null}},"24":{"start":{"line":56,"column":2},"end":{"line":56,"column":null}}},"fnMap":{"0":{"name":"validateLottoNumbers","decl":{"start":{"line":13,"column":16},"end":{"line":13,"column":37}},"loc":{"start":{"line":13,"column":86},"end":{"line":36,"column":null}},"line":13},"1":{"name":"parseExcludedNumbers","decl":{"start":{"line":43,"column":16},"end":{"line":43,"column":37}},"loc":{"start":{"line":43,"column":73},"end":{"line":57,"column":null}},"line":43}},"branchMap":{"0":{"loc":{"start":{"line":14,"column":2},"end":{"line":16,"column":null}},"type":"if","locations":[{"start":{"line":14,"column":2},"end":{"line":16,"column":null}},{"start":{},"end":{}}],"line":14},"1":{"loc":{"start":{"line":20,"column":14},"end":{"line":20,"column":null}},"type":"cond-expr","locations":[{"start":{"line":20,"column":38},"end":{"line":20,"column":42}},{"start":{"line":20,"column":42},"end":{"line":20,"column":null}}],"line":20},"2":{"loc":{"start":{"line":21,"column":4},"end":{"line":23,"column":null}},"type":"if","locations":[{"start":{"line":21,"column":4},"end":{"line":23,"column":null}},{"start":{},"end":{}}],"line":21},"3":{"loc":{"start":{"line":24,"column":4},"end":{"line":26,"column":null}},"type":"if","locations":[{"start":{"line":24,"column":4},"end":{"line":26,"column":null}},{"start":{},"end":{}}],"line":24},"4":{"loc":{"start":{"line":24,"column":8},"end":{"line":24,"column":25}},"type":"binary-expr","locations":[{"start":{"line":24,"column":8},"end":{"line":24,"column":17}},{"start":{"line":24,"column":17},"end":{"line":24,"column":25}}],"line":24},"5":{"loc":{"start":{"line":31,"column":2},"end":{"line":33,"column":null}},"type":"if","locations":[{"start":{"line":31,"column":2},"end":{"line":33,"column":null}},{"start":{},"end":{}}],"line":31},"6":{"loc":{"start":{"line":48,"column":4},"end":{"line":48,"column":null}},"type":"if","locations":[{"start":{"line":48,"column":4},"end":{"line":48,"column":null}},{"start":{},"end":{}}],"line":48},"7":{"loc":{"start":{"line":50,"column":4},"end":{"line":54,"column":null}},"type":"if","locations":[{"start":{"line":50,"column":4},"end":{"line":54,"column":null}},{"start":{"line":52,"column":11},"end":{"line":54,"column":null}}],"line":50},"8":{"loc":{"start":{"line":50,"column":8},"end":{"line":50,"column":50}},"type":"binary-expr","locations":[{"start":{"line":50,"column":8},"end":{"line":50,"column":31}},{"start":{"line":50,"column":31},"end":{"line":50,"column":41}},{"start":{"line":50,"column":41},"end":{"line":50,"column":50}}],"line":50}},"s":{"0":8,"1":2,"2":6,"3":6,"4":31,"5":31,"6":0,"7":31,"8":2,"9":29,"10":4,"11":4,"12":1,"13":3,"14":11,"15":11,"16":11,"17":22,"18":22,"19":8,"20":14,"21":14,"22":9,"23":5,"24":11},"f":{"0":8,"1":11},"b":{"0":[2,6],"1":[25,6],"2":[0,31],"3":[2,29],"4":[31,30],"5":[1,3],"6":[8,14],"7":[9,5],"8":[14,12,11]},"meta":{"lastBranch":9,"lastFunction":2,"lastStatement":25,"seen":{"f:13:16:13:37":0,"b:14:2:16:Infinity:undefined:undefined:undefined:undefined":0,"s:14:2:16:Infinity":0,"s:15:4:15:Infinity":1,"s:18:28:18:Infinity":2,"s:19:2:28:Infinity":3,"s:20:14:20:Infinity":4,"b:20:38:20:42:20:42:20:Infinity":1,"b:21:4:23:Infinity:undefined:undefined:undefined:undefined":2,"s:21:4:23:Infinity":5,"s:22:6:22:Infinity":6,"b:24:4:26:Infinity:undefined:undefined:undefined:undefined":3,"s:24:4:26:Infinity":7,"b:24:8:24:17:24:17:24:25":4,"s:25:6:25:Infinity":8,"s:27:4:27:Infinity":9,"s:30:17:30:Infinity":10,"b:31:2:33:Infinity:undefined:undefined:undefined:undefined":5,"s:31:2:33:Infinity":11,"s:32:4:32:Infinity":12,"s:35:2:35:Infinity":13,"f:43:16:43:37":1,"s:44:26:44:Infinity":14,"s:45:28:45:Infinity":15,"s:46:2:55:Infinity":16,"s:47:20:47:Infinity":17,"b:48:4:48:Infinity:undefined:undefined:undefined:undefined":6,"s:48:4:48:Infinity":18,"s:48:18:48:Infinity":19,"s:49:14:49:Infinity":20,"b:50:4:54:Infinity:52:11:54:Infinity":7,"s:50:4:54:Infinity":21,"b:50:8:50:31:50:31:50:41:50:41:50:50":8,"s:51:6:51:Infinity":22,"s:53:6:53:Infinity":23,"s:56:2:56:Infinity":24},"fnNames":{}}}
,"D:\\workspace\\spring\\Kraft\\web\\src\\lib\\tax.ts": {"path":"D:\\workspace\\spring\\Kraft\\web\\src\\lib\\tax.ts","statementMap":{"0":{"start":{"line":5,"column":29},"end":{"line":5,"column":null}},"1":{"start":{"line":6,"column":28},"end":{"line":6,"column":null}},"2":{"start":{"line":7,"column":22},"end":{"line":7,"column":null}},"3":{"start":{"line":8,"column":21},"end":{"line":8,"column":null}},"4":{"start":{"line":11,"column":2},"end":{"line":11,"column":null}},"5":{"start":{"line":11,"column":37},"end":{"line":11,"column":null}},"6":{"start":{"line":12,"column":2},"end":{"line":12,"column":null}},"7":{"start":{"line":12,"column":36},"end":{"line":12,"column":null}},"8":{"start":{"line":13,"column":2},"end":{"line":13,"column":null}}},"fnMap":{"0":{"name":"calcAfterTax","decl":{"start":{"line":10,"column":16},"end":{"line":10,"column":29}},"loc":{"start":{"line":10,"column":53},"end":{"line":14,"column":null}},"line":10}},"branchMap":{"0":{"loc":{"start":{"line":11,"column":2},"end":{"line":11,"column":null}},"type":"if","locations":[{"start":{"line":11,"column":2},"end":{"line":11,"column":null}},{"start":{},"end":{}}],"line":11},"1":{"loc":{"start":{"line":12,"column":2},"end":{"line":12,"column":null}},"type":"if","locations":[{"start":{"line":12,"column":2},"end":{"line":12,"column":null}},{"start":{},"end":{}}],"line":12}},"s":{"0":1,"1":1,"2":1,"3":1,"4":10,"5":3,"6":7,"7":7,"8":3},"f":{"0":10},"b":{"0":[3,7],"1":[4,3]},"meta":{"lastBranch":2,"lastFunction":1,"lastStatement":9,"seen":{"s:5:29:5:Infinity":0,"s:6:28:6:Infinity":1,"s:7:22:7:Infinity":2,"s:8:21:8:Infinity":3,"f:10:16:10:29":0,"b:11:2:11:Infinity:undefined:undefined:undefined:undefined":0,"s:11:2:11:Infinity":4,"s:11:37:11:Infinity":5,"b:12:2:12:Infinity:undefined:undefined:undefined:undefined":1,"s:12:2:12:Infinity":6,"s:12:36:12:Infinity":7,"s:13:2:13:Infinity":8},"fnNames":{}}}
}
